Der Buildvorgang wurde am 21.02.2015 15:56:58 gestartet.
     1>Projekt "C:\Users\Christian\Desktop\ProperEngine\Javaportc++\Javaportc++.vcxproj" auf Knoten "2", Build Ziel(e).
     1>ClCompile:
         C:\Program Files (x86)\Microsoft Visual Studio 11.0\VC\bin\CL.exe /c /ZI /nologo /W3 /WX- /Od /Oy- /D WIN32 /D _DEBUG /D _CONSOLE /D _UNICODE /D UNICODE /Gm /EHsc /RTC1 /MDd /GS /fp:precise /Zc:wchar_t /Zc:forScope /Fo"Debug\\" /Fd"Debug\vc110.pdb" /Gd /TP /analyze- /errorReport:prompt Maingame.cpp
         Maingame.cpp
     1>c:\users\christian\desktop\properengine\javaportc++\maingame.cpp(94): warning C4244: 'Argument': Konvertierung von 'Sint32' in 'float', möglicher Datenverlust
       Link:
         C:\Program Files (x86)\Microsoft Visual Studio 11.0\VC\bin\link.exe /ERRORREPORT:PROMPT /OUT:"C:\Users\Christian\Desktop\ProperEngine\Debug\ProperEngine.exe" /INCREMENTAL /NOLOGO SDL2.lib SDL2main.lib glew32.lib OpengL32.lib glu32.lib kernel32.lib user32.lib gdi32.lib winspool.lib comdlg32.lib advapi32.lib shell32.lib ole32.lib oleaut32.lib uuid.lib odbc32.lib odbccp32.lib /MANIFEST /MANIFESTUAC:"level='asInvoker' uiAccess='false'" /manifest:embed /DEBUG /PDB:"C:\Users\Christian\Desktop\ProperEngine\Debug\ProperEngine.pdb" /SUBSYSTEM:CONSOLE /TLBID:1 /DYNAMICBASE /NXCOMPAT /IMPLIB:"C:\Users\Christian\Desktop\ProperEngine\Debug\ProperEngine.lib" /MACHINE:X86 Debug\Errors.obj
         Debug\InputManager.obj
         Debug\main.obj
         Debug\Maingame.obj
         Debug\Mesh.obj
         Debug\Shader.obj
         Debug\Texture.obj
         Debug\timing.obj
         Debug\Transform.obj
         Javaportc++.vcxproj -> C:\Users\Christian\Desktop\ProperEngine\Debug\ProperEngine.exe
     1>Die Erstellung des Projekts "C:\Users\Christian\Desktop\ProperEngine\Javaportc++\Javaportc++.vcxproj" ist abgeschlossen, Build Ziel(e).

Build erfolgreich.

Verstrichene Zeit 00:00:01.53
