Der Buildvorgang wurde am 24.03.2015 10:21:36 gestartet.
     1>Projekt "C:\Users\Christian\Desktop\ProperEngine\Javaportc++\Javaportc++.vcxproj" auf Knoten "2", Build Ziel(e).
     1>ClCompile:
         C:\Program Files (x86)\Microsoft Visual Studio 11.0\VC\bin\CL.exe /c /Zi /nologo /W3 /WX- /O2 /Oi /Oy- /GL /D WIN32 /D NDEBUG /D _CONSOLE /D _UNICODE /D UNICODE /Gm- /EHsc /MD /GS /Gy /fp:precise /Zc:wchar_t /Zc:forScope /Fo"Release\\" /Fd"Release\vc110.pdb" /Gd /TP /analyze- /errorReport:prompt Maingame.cpp
         Maingame.cpp
     1>c:\users\christian\desktop\properengine\javaportc++\Lighting.h(23): warning C4305: 'Argument': Verkürzung von 'double' in 'float'
     1>c:\users\christian\desktop\properengine\javaportc++\Lighting.h(34): warning C4305: 'Argument': Verkürzung von 'double' in 'float'
     1>c:\users\christian\desktop\properengine\javaportc++\ParticleSystem.h(36): warning C4244: '=': Konvertierung von 'int' in 'float', möglicher Datenverlust
     1>c:\users\christian\desktop\properengine\javaportc++\ParticleSystem.h(43): warning C4244: '=': Konvertierung von 'int' in 'float', möglicher Datenverlust
     1>Maingame.cpp(91): warning C4244: 'Argument': Konvertierung von 'Sint32' in 'float', möglicher Datenverlust
     1>Maingame.cpp(109): warning C4244: 'Argument': Konvertierung von 'int' in 'float', möglicher Datenverlust
     1>Maingame.cpp(110): warning C4244: 'Argument': Konvertierung von 'int' in 'float', möglicher Datenverlust
     1>Maingame.cpp(117): warning C4244: 'Argument': Konvertierung von 'int' in 'float', möglicher Datenverlust
     1>Maingame.cpp(118): warning C4244: 'Argument': Konvertierung von 'int' in 'float', möglicher Datenverlust
     1>Maingame.cpp(282): warning C4244: 'Argument': Konvertierung von 'int' in 'float', möglicher Datenverlust
     1>Maingame.cpp(287): warning C4305: 'Argument': Verkürzung von 'double' in 'float'
     1>Maingame.cpp(288): warning C4305: 'Argument': Verkürzung von 'double' in 'float'
     1>Maingame.cpp(289): warning C4305: 'Argument': Verkürzung von 'double' in 'float'
     1>Maingame.cpp(290): warning C4305: 'Argument': Verkürzung von 'double' in 'float'
     1>Maingame.cpp(293): warning C4305: 'Argument': Verkürzung von 'double' in 'float'
       Link:
         C:\Program Files (x86)\Microsoft Visual Studio 11.0\VC\bin\link.exe /ERRORREPORT:PROMPT /OUT:"C:\Users\Christian\Desktop\ProperEngine\Release\ProperEngine.exe" /INCREMENTAL:NO /NOLOGO SDL2.lib SDL2main.lib glew32.lib Opengl32.lib Glu32.lib kernel32.lib user32.lib gdi32.lib winspool.lib comdlg32.lib advapi32.lib shell32.lib ole32.lib oleaut32.lib uuid.lib odbc32.lib odbccp32.lib /MANIFEST /MANIFESTUAC:"level='asInvoker' uiAccess='false'" /manifest:embed /DEBUG /PDB:"C:\Users\Christian\Desktop\ProperEngine\Release\ProperEngine.pdb" /SUBSYSTEM:WINDOWS /OPT:REF /OPT:ICF /LTCG /TLBID:1 /DYNAMICBASE /NXCOMPAT /IMPLIB:"C:\Users\Christian\Desktop\ProperEngine\Release\ProperEngine.lib" /MACHINE:X86 /SAFESEH Release\Camera3d.obj
         Release\Errors.obj
         Release\InputManager.obj
         Release\Lighting.obj
         Release\main.obj
         Release\Maingame.obj
         Release\Material.obj
         Release\Matrices.obj
         Release\Vectors.obj
         Release\Mesh.obj
         Release\Objekt.obj
         Release\ParticleSystem.obj
         Release\RenderUtil.obj
         Release\Shader.obj
         Release\Shadow.obj
         Release\Texture.obj
         Release\timing.obj
         Release\Transform.obj
         Release\UIrenderer.obj
         Code wird generiert.
         Codegenerierung ist abgeschlossen.
         Javaportc++.vcxproj -> C:\Users\Christian\Desktop\ProperEngine\Release\ProperEngine.exe
     1>Die Erstellung des Projekts "C:\Users\Christian\Desktop\ProperEngine\Javaportc++\Javaportc++.vcxproj" ist abgeschlossen, Build Ziel(e).

Build erfolgreich.

Verstrichene Zeit 00:00:02.30
